This is pdfTeX, Version 3.1415926-2.3-1.40.12 (MiKTeX 2.9) (preloaded format=pdflatex 2015.12.10)  11 APR 2017 07:27
entering extended mode
**D:/fei/code/PGPaper/revision_2/cgf-sub.tex
(D:/fei/code/PGPaper/revision_2/cgf-sub.tex
LaTeX2e <2011/06/27>
Babel <v3.8m> and hyphenation patterns for loaded.
(D:\fei\code\PGPaper\revision_2\egpubl.cls
Document Class: egpubl 2013/07/17 Document Style for EG Publications v3.56
\c@table=\count79
\c@figure=\count80
\c@part=\count81
\c@section=\count82
\c@subsection=\count83
\c@subsubsection=\count84
\c@paragraph=\count85
\c@subparagraph=\count86
\titlespace=\skip41
\teaserspace=\skip42
\c@p@volume=\count87
\bibhang=\skip43
\every@verbatim=\toks14
\verbatim@line=\toks15
(C:\CTEX\MiKTeX\tex\generic\oberdiek\ifpdf.sty
Package: ifpdf 2011/01/30 v2.3 Provides the ifpdf switch (HO)
Package ifpdf Info: pdfTeX in PDF mode is detected.
)
(D:\fei\code\PGPaper\revision_2\cgf-sub.lbl))
(C:\CTEX\MiKTeX\tex\latex\caption\caption.sty
Package: caption 2011/11/10 v3.2e Customizing captions (AR)

(C:\CTEX\MiKTeX\tex\latex\caption\caption3.sty
Package: caption3 2011/11/01 v1.4a caption3 kernel (AR)

(C:\CTEX\MiKTeX\tex\latex\graphics\keyval.sty
Package: keyval 1999/03/16 v1.13 key=value parser (DPC)
\KV@toks@=\toks16
)
\captionmargin=\dimen102
\captionmargin@=\dimen103
\captionwidth=\dimen104
\caption@indent=\dimen105
\caption@parindent=\dimen106
\caption@hangindent=\dimen107
\abovecaptionskip=\skip44
\belowcaptionskip=\skip45
Package caption Info: Unknown document class (or package),
(caption)             standard defaults will be used.
)

Package caption Warning: Unsupported document class (or package) detected,
(caption)                usage of the caption package is not recommended.
See the caption package documentation for explanation.

Package caption Info: \@makecaption = \long macro:#1#2->\vskip 6pt \setbox \@te
mpboxa \hbox {\textbf {#1:} \reset@font \textit {#2}} \ifdim \wd \@tempboxa >\h
size \textbf {#1:} \reset@font \itshape #2\par \else \hbox to\hsize {\hfil \box
 \@tempboxa \hfil } \fi \vskip 6pt .
\c@ContinuedFloat=\count88
) (C:\CTEX\MiKTeX\tex\latex\algorithms\algorithm.sty
Package: algorithm 2009/08/24 v0.1 Document Style `algorithm' - floating enviro
nment

(C:\CTEX\MiKTeX\tex\latex\float\float.sty
Package: float 2001/11/08 v1.3d Float enhancements (AL)
\c@float@type=\count89
\float@exts=\toks17
\float@box=\box26
\@float@everytoks=\toks18
\@floatcapt=\box27
)
(C:\CTEX\MiKTeX\tex\latex\base\ifthen.sty
Package: ifthen 2001/05/26 v1.1c Standard LaTeX ifthen package (DPC)
)
\@float@every@algorithm=\toks19
\c@algorithm=\count90
)
(C:\CTEX\MiKTeX\tex\latex\algorithmicx\algpseudocode.sty
Package: algpseudocode 

(C:\CTEX\MiKTeX\tex\latex\algorithmicx\algorithmicx.sty
Package: algorithmicx 2005/04/27 v1.2 Algorithmicx

Document Style algorithmicx 1.2 - a greatly improved `algorithmic' style
\c@ALG@line=\count91
\c@ALG@rem=\count92
\c@ALG@nested=\count93
\ALG@tlm=\skip46
\ALG@thistlm=\skip47
\c@ALG@Lnr=\count94
\c@ALG@blocknr=\count95
\c@ALG@storecount=\count96
\c@ALG@tmpcounter=\count97
\ALG@tmplength=\skip48
)
Document Style - pseudocode environments for use with the `algorithmicx' style
) (C:\CTEX\MiKTeX\tex\latex\tools\bm.sty
Package: bm 2004/02/26 v1.1c Bold Symbol Support (DPC/FMi)
\symboldoperators=\mathgroup4
\symboldletters=\mathgroup5
\symboldsymbols=\mathgroup6
LaTeX Font Info:    Redeclaring math alphabet \mathbf on input line 138.
LaTeX Info: Redefining \bm on input line 204.
)
(C:\CTEX\MiKTeX\tex\latex\ams\math\amsmath.sty
Package: amsmath 2000/07/18 v2.13 AMS math features
\@mathmargin=\skip49

For additional information on amsmath, use the `?' option.
(C:\CTEX\MiKTeX\tex\latex\ams\math\amstext.sty
Package: amstext 2000/06/29 v2.01

(C:\CTEX\MiKTeX\tex\latex\ams\math\amsgen.sty
File: amsgen.sty 1999/11/30 v2.0
\@emptytoks=\toks20
\ex@=\dimen108
))
(C:\CTEX\MiKTeX\tex\latex\ams\math\amsbsy.sty
Package: amsbsy 1999/11/29 v1.2d
LaTeX Info: Redefining \boldsymbol on input line 54.
\pmbraise@=\dimen109
)
(C:\CTEX\MiKTeX\tex\latex\ams\math\amsopn.sty
Package: amsopn 1999/12/14 v2.01 operator names
)
\inf@bad=\count98
LaTeX Info: Redefining \frac on input line 211.
\uproot@=\count99
\leftroot@=\count100
LaTeX Info: Redefining \overline on input line 307.
\classnum@=\count101
\DOTSCASE@=\count102
LaTeX Info: Redefining \ldots on input line 379.
LaTeX Info: Redefining \dots on input line 382.
LaTeX Info: Redefining \cdots on input line 467.
\Mathstrutbox@=\box28
\strutbox@=\box29
\big@size=\dimen110
LaTeX Font Info:    Redeclaring font encoding OML on input line 567.
LaTeX Font Info:    Redeclaring font encoding OMS on input line 568.
\macc@depth=\count103
\c@MaxMatrixCols=\count104
\dotsspace@=\muskip10
\c@parentequation=\count105
\dspbrk@lvl=\count106
\tag@help=\toks21
\row@=\count107
\column@=\count108
\maxfields@=\count109
\andhelp@=\toks22
\eqnshift@=\dimen111
\alignsep@=\dimen112
\tagshift@=\dimen113
\tagwidth@=\dimen114
\totwidth@=\dimen115
\lineht@=\dimen116
\@envbody=\toks23
\multlinegap=\skip50
\multlinetaggap=\skip51
\mathdisplay@stack=\toks24
LaTeX Info: Redefining \[ on input line 2666.
LaTeX Info: Redefining \] on input line 2667.
)
(C:\CTEX\MiKTeX\tex\latex\subfigure\subfigure.sty
Package: subfigure 2002/07/30 v2.1.4 subfigure package
\subfigtopskip=\skip52
\subfigcapskip=\skip53
\subfigcaptopadj=\dimen117
\subfigbottomskip=\skip54
\subfigcapmargin=\dimen118
\subfiglabelskip=\skip55
\c@subfigure=\count110
\c@lofdepth=\count111
\c@subtable=\count112
\c@lotdepth=\count113

****************************************
* Local config file subfigure.cfg used *
****************************************
(C:\CTEX\MiKTeX\tex\latex\subfigure\subfigure.cfg)
\subfig@top=\skip56
\subfig@bottom=\skip57
)
(C:\CTEX\MiKTeX\tex\latex\multirow\multirow.sty
\bigstrutjot=\dimen119
)
(C:\CTEX\MiKTeX\tex\latex\graphics\graphicx.sty
Package: graphicx 1999/02/16 v1.0f Enhanced LaTeX Graphics (DPC,SPQR)

(C:\CTEX\MiKTeX\tex\latex\graphics\graphics.sty
Package: graphics 2009/02/05 v1.0o Standard LaTeX Graphics (DPC,SPQR)

(C:\CTEX\MiKTeX\tex\latex\graphics\trig.sty
Package: trig 1999/03/16 v1.09 sin cos tan (DPC)
)
(C:\CTEX\MiKTeX\tex\latex\00miktex\graphics.cfg
File: graphics.cfg 2007/01/18 v1.5 graphics configuration of teTeX/TeXLive
)
Package graphics Info: Driver file: pdftex.def on input line 91.

(C:\CTEX\MiKTeX\tex\latex\pdftex-def\pdftex.def
File: pdftex.def 2011/05/27 v0.06d Graphics/color for pdfTeX

(C:\CTEX\MiKTeX\tex\generic\oberdiek\infwarerr.sty
Package: infwarerr 2010/04/08 v1.3 Providing info/warning/message (HO)
)
(C:\CTEX\MiKTeX\tex\generic\oberdiek\ltxcmds.sty
Package: ltxcmds 2011/04/18 v1.20 LaTeX kernel commands for general use (HO)
)
\Gread@gobject=\count114
))
\Gin@req@height=\dimen120
\Gin@req@width=\dimen121
)
(C:\CTEX\MiKTeX\tex\latex\oberdiek\epstopdf.sty
Package: epstopdf 2010/02/09 v2.5 Conversion with epstopdf on the fly (HO)

(C:\CTEX\MiKTeX\tex\latex\oberdiek\epstopdf-base.sty
Package: epstopdf-base 2010/02/09 v2.5 Base part for package epstopdf

(C:\CTEX\MiKTeX\tex\latex\oberdiek\grfext.sty
Package: grfext 2010/08/19 v1.1 Managing graphics extensions (HO)

(C:\CTEX\MiKTeX\tex\generic\oberdiek\kvdefinekeys.sty
Package: kvdefinekeys 2011/04/07 v1.3 Defining keys (HO)
))
(C:\CTEX\MiKTeX\tex\latex\oberdiek\kvoptions.sty
Package: kvoptions 2010/12/23 v3.10 Keyval support for LaTeX options (HO)

(C:\CTEX\MiKTeX\tex\generic\oberdiek\kvsetkeys.sty
Package: kvsetkeys 2011/04/07 v1.13 Key value parser (HO)

(C:\CTEX\MiKTeX\tex\generic\oberdiek\etexcmds.sty
Package: etexcmds 2011/02/16 v1.5 Prefix for e-TeX command names (HO)

(C:\CTEX\MiKTeX\tex\generic\oberdiek\ifluatex.sty
Package: ifluatex 2010/03/01 v1.3 Provides the ifluatex switch (HO)
Package ifluatex Info: LuaTeX not detected.
)
Package etexcmds Info: Could not find \expanded.
(etexcmds)             That can mean that you are not using pdfTeX 1.50 or
(etexcmds)             that some package has redefined \expanded.
(etexcmds)             In the latter case, load this package earlier.
)))
(C:\CTEX\MiKTeX\tex\generic\oberdiek\pdftexcmds.sty
Package: pdftexcmds 2011/04/22 v0.16 Utilities of pdfTeX for LuaTeX (HO)
Package pdftexcmds Info: LuaTeX not detected.
Package pdftexcmds Info: \pdf@primitive is available.
Package pdftexcmds Info: \pdf@ifprimitive is available.
Package pdftexcmds Info: \pdfdraftmode found.
)
Package grfext Info: Graphics extension search list:
(grfext)             [.png,.pdf,.jpg,.mps,.jpeg,.jbig2,.jb2,.PNG,.PDF,.JPG,.JPE
G,.JBIG2,.JB2,.eps]
(grfext)             \AppendGraphicsExtensions on input line 452.
))
(C:\CTEX\MiKTeX\tex\latex\hyperref\hyperref.sty
Package: hyperref 2012/02/06 v6.82o Hypertext links for LaTeX

(C:\CTEX\MiKTeX\tex\generic\oberdiek\hobsub-hyperref.sty
Package: hobsub-hyperref 2011/04/23 v1.4 Bundle oberdiek, subset hyperref (HO)

(C:\CTEX\MiKTeX\tex\generic\oberdiek\hobsub-generic.sty
Package: hobsub-generic 2011/04/23 v1.4 Bundle oberdiek, subset generic (HO)
Package: hobsub 2011/04/23 v1.4 Subsetting bundle oberdiek (HO)
Package hobsub Info: Skipping package `infwarerr' (already loaded).
Package hobsub Info: Skipping package `ltxcmds' (already loaded).
Package hobsub Info: Skipping package `ifluatex' (already loaded).
Package: ifvtex 2010/03/01 v1.5 Switches for detecting VTeX and its modes (HO)
Package ifvtex Info: VTeX not detected.
Package: intcalc 2007/09/27 v1.1 Expandable integer calculations (HO)
Package hobsub Info: Skipping package `ifpdf' (already loaded).
Package hobsub Info: Skipping package `etexcmds' (already loaded).
Package hobsub Info: Skipping package `kvsetkeys' (already loaded).
Package hobsub Info: Skipping package `kvdefinekeys' (already loaded).
Package hobsub Info: Skipping package `pdftexcmds' (already loaded).
Package: pdfescape 2011/04/04 v1.12 Provides string conversions (HO)
Package: bigintcalc 2011/01/30 v1.2 Expandable big integer calculations (HO)
Package: bitset 2011/01/30 v1.1 Data type bit set (HO)
Package: uniquecounter 2011/01/30 v1.2 Provides unlimited unique counter (HO)
)
Package hobsub Info: Skipping package `hobsub' (already loaded).
Package: letltxmacro 2010/09/02 v1.4 Let assignment for LaTeX macros (HO)
Package: hopatch 2011/01/30 v1.0 Wrapper for package hooks (HO)
Package: xcolor-patch 2011/01/30 xcolor patch
Package: atveryend 2011/04/23 v1.7 Hooks at very end of document (HO)
Package: atbegshi 2011/01/30 v1.15 At begin shipout hook (HO)
Package: refcount 2010/12/01 v3.2 Data extraction from references (HO)
Package: hycolor 2011/01/30 v1.7 Color options of hyperref/bookmark (HO)
)
(C:\CTEX\MiKTeX\tex\generic\ifxetex\ifxetex.sty
Package: ifxetex 2010/09/12 v0.6 Provides ifxetex conditional
)
\@linkdim=\dimen122
\Hy@linkcounter=\count115
\Hy@pagecounter=\count116

(C:\CTEX\MiKTeX\tex\latex\hyperref\pd1enc.def
File: pd1enc.def 2012/02/06 v6.82o Hyperref: PDFDocEncoding definition (HO)
)
\Hy@SavedSpaceFactor=\count117

(C:\CTEX\MiKTeX\tex\latex\00miktex\hyperref.cfg
File: hyperref.cfg 2002/06/06 v1.2 hyperref configuration of TeXLive
)
Package hyperref Info: Option `colorlinks' set `true' on input line 3925.
Package hyperref Info: Option `bookmarks' set `false' on input line 3925.
Package hyperref Info: Hyper figures OFF on input line 4046.
Package hyperref Info: Link nesting OFF on input line 4051.
Package hyperref Info: Hyper index ON on input line 4054.
Package hyperref Info: Plain pages OFF on input line 4061.
Package hyperref Info: Backreferencing ON on input line 4064.
Package hyperref Info: Implicit mode ON; LaTeX internals redefined.
Package hyperref Info: Bookmarks OFF on input line 4290.

(C:\CTEX\MiKTeX\tex\latex\hyperref\backref.sty
Package: backref 2010/08/30 v1.36 Bibliographical back referencing

(C:\CTEX\MiKTeX\tex\latex\oberdiek\rerunfilecheck.sty
Package: rerunfilecheck 2011/04/15 v1.7 Rerun checks for auxiliary files (HO)
Package uniquecounter Info: New unique counter `rerunfilecheck' on input line 2
82.
))
\c@Hy@tempcnt=\count118

(C:\CTEX\MiKTeX\tex\latex\ltxmisc\url.sty
\Urlmuskip=\muskip11
Package: url 2006/04/12  ver 3.3  Verb mode for urls, etc.
)
LaTeX Info: Redefining \url on input line 4637.
\Fld@menulength=\count119
\Field@Width=\dimen123
\Fld@charsize=\dimen124
Package hyperref Info: Hyper figures OFF on input line 5757.
Package hyperref Info: Link nesting OFF on input line 5762.
Package hyperref Info: Hyper index ON on input line 5765.
Package hyperref Info: backreferencing ON on input line 5770.
Package hyperref Info: Link coloring ON on input line 5775.
Package hyperref Info: Link coloring with OCG OFF on input line 5782.
Package hyperref Info: PDF/A mode OFF on input line 5787.
LaTeX Info: Redefining \ref on input line 5827.
LaTeX Info: Redefining \pageref on input line 5831.
\Hy@abspage=\count120
\c@Item=\count121
\c@Hfootnote=\count122
)

Package hyperref Message: Driver: hpdftex.

(C:\CTEX\MiKTeX\tex\latex\hyperref\hpdftex.def
File: hpdftex.def 2012/02/06 v6.82o Hyperref driver for pdfTeX
\Fld@listcount=\count123
\c@bookmark@seq@number=\count124
\Hy@SectionHShift=\skip58
)
(C:\CTEX\MiKTeX\tex\latex\base\t1enc.sty
Package: t1enc 1994/06/01 Standard LaTeX package
)
(D:\fei\code\PGPaper\revision_2\dfadobe.sty
Package: dfadobe 2000/03/05 v1.4 T1-encoded Times (except symbols), Courier, He
lvetica (at 90\%) + math package
LaTeX Font Info:    Redeclaring symbol font `operators' on input line 14.
LaTeX Font Info:    Overwriting symbol font `operators' in version `normal'
(Font)                  OT1/cmr/m/n --> OT1/ptmcm/m/n on input line 14.
LaTeX Font Info:    Overwriting symbol font `operators' in version `bold'
(Font)                  OT1/cmr/bx/n --> OT1/ptmcm/m/n on input line 14.
LaTeX Font Info:    Redeclaring symbol font `letters' on input line 15.
LaTeX Font Info:    Overwriting symbol font `letters' in version `normal'
(Font)                  OML/cmm/m/it --> OML/ptmcm/m/it on input line 15.
LaTeX Font Info:    Overwriting symbol font `letters' in version `bold'
(Font)                  OML/cmm/b/it --> OML/ptmcm/m/it on input line 15.
LaTeX Font Info:    Redeclaring symbol font `largesymbols' on input line 16.
LaTeX Font Info:    Overwriting symbol font `largesymbols' in version `normal'
(Font)                  OMX/cmex/m/n --> OMX/psycm/m/n on input line 16.
LaTeX Font Info:    Overwriting symbol font `largesymbols' in version `bold'
(Font)                  OMX/cmex/m/n --> OMX/psycm/m/n on input line 16.
\symbold=\mathgroup7
\symitalic=\mathgroup8
LaTeX Font Info:    Redeclaring math alphabet \mathbf on input line 19.
LaTeX Font Info:    Redeclaring math alphabet \mathit on input line 20.
LaTeX Font Info:    Overwriting math alphabet `\mathit' in version `normal'
(Font)                  OT1/cmr/m/it --> OT1/ptm/m/it on input line 20.
LaTeX Font Info:    Overwriting math alphabet `\mathit' in version `bold'
(Font)                  OT1/cmr/bx/it --> OT1/ptm/m/it on input line 20.

(D:\fei\code\PGPaper\revision_2\dfT1ptm.fd
File: dfT1ptm.fd 2000/03/05 DF - Fontinst v1.6 font definitions for T1/ptm.
)
(D:\fei\code\PGPaper\revision_2\dfT1phv.fd
File: dfT1phv.fd 1997/12/02 Fontinst v1.6 font definitions for T1/phv scaled to
 90\%.
)
(D:\fei\code\PGPaper\revision_2\dfT1pcr.fd
File: dfT1pcr.fd 2000/03/05 DF - Fontinst v1.6 font definitions for T1/pcr.
))
(D:\fei\code\PGPaper\revision_2\egweblnk.sty
Package: egweblnk 2004/10/29 v2.2 DF's support for http web links in class egpu
bl
)
(C:\CTEX\MiKTeX\tex\latex\cite\cite.sty
LaTeX Info: Redefining \cite on input line 302.
LaTeX Info: Redefining \nocite on input line 373.
Package: cite 2010/09/10  v 5.3
)
(D:\fei\code\PGPaper\revision_2\cgf-body-sub.tex
(D:\fei\code\PGPaper\revision_2\cgf-sub.aux)
LaTeX Font Info:    Checking defaults for OML/cmm/m/it on input line 37.
LaTeX Font Info:    ... okay on input line 37.
LaTeX Font Info:    Checking defaults for T1/cmr/m/n on input line 37.
LaTeX Font Info:    ... okay on input line 37.
LaTeX Font Info:    Checking defaults for OT1/cmr/m/n on input line 37.
LaTeX Font Info:    ... okay on input line 37.
LaTeX Font Info:    Checking defaults for OMS/cmsy/m/n on input line 37.
LaTeX Font Info:    ... okay on input line 37.
LaTeX Font Info:    Checking defaults for OMX/cmex/m/n on input line 37.
LaTeX Font Info:    ... okay on input line 37.
LaTeX Font Info:    Checking defaults for U/cmr/m/n on input line 37.
LaTeX Font Info:    ... okay on input line 37.
LaTeX Font Info:    Checking defaults for PD1/pdf/m/n on input line 37.
LaTeX Font Info:    ... okay on input line 37.
Package caption Info: Begin \AtBeginDocument code.
Package caption Info: float package is loaded.
Package caption Info: hyperref package is loaded.
Package caption Info: subfigure package is loaded.
Package caption Info: End \AtBeginDocument code.

(C:\CTEX\MiKTeX\tex\context\base\supp-pdf.mkii
[Loading MPS to PDF converter (version 2006.09.02).]
\scratchcounter=\count125
\scratchdimen=\dimen125
\scratchbox=\box30
\nofMPsegments=\count126
\nofMParguments=\count127
\everyMPshowfont=\toks25
\MPscratchCnt=\count128
\MPscratchDim=\dimen126
\MPnumerator=\count129
\makeMPintoPDFobject=\count130
\everyMPtoPDFconversion=\toks26
)
\AtBeginShipoutBox=\box31


Package hyperref Warning: Height of page (\paperheight) is invalid (0.0pt),
(hyperref)                using 11in.

(C:\CTEX\MiKTeX\tex\latex\graphics\color.sty
Package: color 2005/11/14 v1.0j Standard LaTeX Color (DPC)

(C:\CTEX\MiKTeX\tex\latex\00miktex\color.cfg
File: color.cfg 2007/01/18 v1.5 color configuration of teTeX/TeXLive
)
Package color Info: Driver file: pdftex.def on input line 130.
)
Package hyperref Info: Link coloring ON on input line 37.

(C:\CTEX\MiKTeX\tex\latex\hyperref\nameref.sty
Package: nameref 2010/04/30 v2.40 Cross-referencing by name of section

(C:\CTEX\MiKTeX\tex\generic\oberdiek\gettitlestring.sty
Package: gettitlestring 2010/12/03 v1.4 Cleanup title references (HO)
)
\c@section@level=\count131
)
LaTeX Info: Redefining \ref on input line 37.
LaTeX Info: Redefining \pageref on input line 37.
LaTeX Info: Redefining \nameref on input line 37.
LaTeX Font Info:    Font shape `T1/ptm/bx/n' in size <17.28> not available
(Font)              Font shape `T1/ptm/b/n' tried instead on input line 47.
LaTeX Font Info:    Try loading font information for OT1+ptmcm on input line 47
.

(C:\CTEX\MiKTeX\tex\latex\psnfss\ot1ptmcm.fd
File: ot1ptmcm.fd 2000/01/03 Fontinst v1.801 font definitions for OT1/ptmcm.
)
LaTeX Font Info:    Try loading font information for OML+ptmcm on input line 47
.

(C:\CTEX\MiKTeX\tex\latex\psnfss\omlptmcm.fd
File: omlptmcm.fd 2000/01/03 Fontinst v1.801 font definitions for OML/ptmcm.
)
LaTeX Font Info:    Try loading font information for OMX+psycm on input line 47
.

(C:\CTEX\MiKTeX\tex\latex\psnfss\omxpsycm.fd
File: omxpsycm.fd 2000/01/03 Fontinst v1.801 font definitions for OMX/psycm.
)
LaTeX Font Info:    Try loading font information for OT1+ptm on input line 47.

(C:\CTEX\MiKTeX\tex\latex\psnfss\ot1ptm.fd
File: ot1ptm.fd 2001/06/04 font definitions for OT1/ptm.
)
<../figs/demo_impact.png, id=3, 1236.11812pt x 341.77687pt>
File: ../figs/demo_impact.png Graphic file (type png)

<use ../figs/demo_impact.png>
Package pdftex.def Info: ../figs/demo_impact.png used on input line 47.
(pdftex.def)             Requested size: 456.0pt x 126.07997pt.


Package caption Warning: The option `hypcap=true' will be ignored for this
(caption)                particular \caption on input line 47.
See the caption package documentation for explanation.

LaTeX Font Info:    Font shape `T1/ptm/bx/n' in size <9> not available
(Font)              Font shape `T1/ptm/b/n' tried instead on input line 48.

Underfull \vbox (badness 10000) has occurred while \output is active []


Underfull \vbox (badness 10000) has occurred while \output is active []

 [1{C:/CTEX/UserData/pdftex/config/pdftex.map{Unicode.sfd}{UGBK.sfd}}


 <D:/fei/code/PGPaper/figs/demo_impact.png>]
Underfull \vbox (badness 10000) has occurred while \output is active []

 [2]

Package pdftex.def Warning: Option `bb' does not make sense,
(pdftex.def)                using `viewport' instead on input line 86.

<../figs/peridynamics_circle.png, id=127, 443.256pt x 348.3414pt>
File: ../figs/peridynamics_circle.png Graphic file (type png)

<use ../figs/peridynamics_circle.png>
Package pdftex.def Info: ../figs/peridynamics_circle.png used on input line 86.

(pdftex.def)             Requested size: 151.19934pt x 121.98863pt.
LaTeX Font Info:    Font shape `OT1/ptm/bx/n' in size <9> not available
(Font)              Font shape `OT1/ptm/b/n' tried instead on input line 91.
LaTeX Font Info:    Font shape `OT1/ptm/bx/n' in size <7> not available
(Font)              Font shape `OT1/ptm/b/n' tried instead on input line 91.
LaTeX Font Info:    Font shape `OT1/ptm/bx/n' in size <5> not available
(Font)              Font shape `OT1/ptm/b/n' tried instead on input line 91.
 [3 <D:/fei/code/PGPaper/figs/peridynamics_circle.png>]
<../figs/demo_pull_armadillo.png, id=166, 1269.24188pt x 412.54124pt>
File: ../figs/demo_pull_armadillo.png Graphic file (type png)

<use ../figs/demo_pull_armadillo.png>
Package pdftex.def Info: ../figs/demo_pull_armadillo.png used on input line 160
.
(pdftex.def)             Requested size: 216.0pt x 70.20662pt.
 [4 <D:/fei/code/PGPaper/figs/demo_pull_armadillo.png>]
<../figs/demo_impact_upside.png, id=184, 871.00406pt x 584.1825pt>
File: ../figs/demo_impact_upside.png Graphic file (type png)

<use ../figs/demo_impact_upside.png>
Package pdftex.def Info: ../figs/demo_impact_upside.png used on input line 177.

(pdftex.def)             Requested size: 216.0pt x 144.86862pt.

<../figs/demo_impact_upside_plastic_fracture.png, id=194, 941.76843pt x 313.17p
t>
File: ../figs/demo_impact_upside_plastic_fracture.png Graphic file (type png)
 <use ../figs/demo_impact_upside_plastic_fracture.png>
Package pdftex.def Info: ../figs/demo_impact_upside_plastic_fracture.png used o
n input line 221.
(pdftex.def)             Requested size: 216.0pt x 71.82687pt.

Underfull \hbox (badness 1365) in paragraph at lines 224--224
\T1/ptm/m/n/9 amoun-t of max-i-mum plas-tic-i-ty. From left to right the
 []

[5 <D:/fei/code/PGPaper/figs/demo_impact_upside.png> <D:/fei/code/PGPaper/figs/
demo_impact_upside_plastic_fracture.png>]

Package pdftex.def Warning: Option `bb' does not make sense,
(pdftex.def)                using `viewport' instead on input line 238.

<../figs/demo_impact_color_map.png, id=215, 1405.50093pt x 697.10437pt>
File: ../figs/demo_impact_color_map.png Graphic file (type png)

<use ../figs/demo_impact_color_map.png>
Package pdftex.def Info: ../figs/demo_impact_color_map.png used on input line 2
38.
(pdftex.def)             Requested size: 216.0pt x 107.9947pt.

Underfull \hbox (badness 1097) in paragraph at lines 241--241
[]\T1/ptm/m/n/9 Figure 6: |[] Com-par-i-son of crack pat-tern-s gen-er-at-ed by

 []


<../figs/revision/demo_shatter_control.png, id=219, 741.52031pt x 517.18219pt>
File: ../figs/revision/demo_shatter_control.png Graphic file (type png)

<use ../figs/revision/demo_shatter_control.png>
Package pdftex.def Info: ../figs/revision/demo_shatter_control.png used on inpu
t line 268.
(pdftex.def)             Requested size: 216.0pt x 150.64977pt.

<../figs/demo_jello.png, id=220, 654.19406pt x 864.98157pt>
File: ../figs/demo_jello.png Graphic file (type png)

<use ../figs/demo_jello.png>
Package pdftex.def Info: ../figs/demo_jello.png used on input line 277.
(pdftex.def)             Requested size: 216.0pt x 285.58998pt.
 [6 <D:/fei/code/PGPaper/figs/demo_impact_color_map.png> <D:/fei/code/PGPaper/f
igs/revision/demo_shatter_control.png>]
<../figs/compare_different_poisson_ratio.png, id=235, 654.19406pt x 469.755pt>
File: ../figs/compare_different_poisson_ratio.png Graphic file (type png)

<use ../figs/compare_different_poisson_ratio.png>
Package pdftex.def Info: ../figs/compare_different_poisson_ratio.png used on in
put line 308.
(pdftex.def)             Requested size: 216.0pt x 155.09848pt.

<../figs/demo_strip_vs_fem.png, id=238, 970.3753pt x 882.29625pt>
File: ../figs/demo_strip_vs_fem.png Graphic file (type png)

<use ../figs/demo_strip_vs_fem.png>
Package pdftex.def Info: ../figs/demo_strip_vs_fem.png used on input line 320.
(pdftex.def)             Requested size: 216.0pt x 196.39444pt.

<../figs/revision/demo_bar_oscillate_vs_fem_2.png, id=239, 749.80125pt x 295.85
532pt>
File: ../figs/revision/demo_bar_oscillate_vs_fem_2.png Graphic file (type png)
 <use ../figs/revision/demo_bar_oscillate_vs_fem_2.png>
Package pdftex.def Info: ../figs/revision/demo_bar_oscillate_vs_fem_2.png used 
on input line 328.
(pdftex.def)             Requested size: 216.0pt x 85.22702pt.
 [7 <D:/fei/code/PGPaper/figs/demo_jello.png> <D:/fei/code/PGPaper/figs/compare
_different_poisson_ratio.png>]
<../figs/revision/demo_bar_twist_vs_fem.png, id=265, 711.4078pt x 270.25969pt>
File: ../figs/revision/demo_bar_twist_vs_fem.png Graphic file (type png)

<use ../figs/revision/demo_bar_twist_vs_fem.png>
Package pdftex.def Info: ../figs/revision/demo_bar_twist_vs_fem.png used on inp
ut line 339.
(pdftex.def)             Requested size: 216.0pt x 82.05586pt.

<../figs/revision/demo_armadillo_vs_fem_2.png, id=266, 825.0825pt x 327.47343pt
>
File: ../figs/revision/demo_armadillo_vs_fem_2.png Graphic file (type png)
 <use ../figs/revision/demo_armadillo_vs_fem_2.png>
Package pdftex.def Info: ../figs/revision/demo_armadillo_vs_fem_2.png used on i
nput line 347.
(pdftex.def)             Requested size: 216.0pt x 85.72571pt.

Underfull \hbox (badness 1412) in paragraph at lines 350--350
[]\T1/ptm/m/n/9 Figure 13: |[] Sim-u-la-tion of non-cyclic vi-bra-tions for an
 []

<../figs/demo_tear_armadillo.png, id=285, 1906.12125pt x 497.60907pt>
File: ../figs/demo_tear_armadillo.png Graphic file (type png)

<use ../figs/demo_tear_armadillo.png>
Package pdftex.def Info: ../figs/demo_tear_armadillo.png used on input line 385
.
(pdftex.def)             Requested size: 456.0pt x 119.04137pt.
 [8 <D:/fei/code/PGPaper/figs/demo_strip_vs_fem.png> <D:/fei/code/PGPaper/figs/
revision/demo_bar_oscillate_vs_fem_2.png> <D:/fei/code/PGPaper/figs/revision/de
mo_bar_twist_vs_fem.png> <D:/fei/code/PGPaper/figs/revision/demo_armadillo_vs_f
em_2.png>]
<../figs/revision/demo_brittle_fall.png, id=310, 1197.72469pt x 341.77687pt>
File: ../figs/revision/demo_brittle_fall.png Graphic file (type png)

<use ../figs/revision/demo_brittle_fall.png>
Package pdftex.def Info: ../figs/revision/demo_brittle_fall.png used on input l
ine 404.
(pdftex.def)             Requested size: 456.0pt x 130.12166pt.

<../figs/demo_fall_bunny.png, id=311, 2196.70688pt x 579.66562pt>
File: ../figs/demo_fall_bunny.png Graphic file (type png)

<use ../figs/demo_fall_bunny.png>
Package pdftex.def Info: ../figs/demo_fall_bunny.png used on input line 412.
(pdftex.def)             Requested size: 456.0pt x 120.32701pt.

<../figs/revision/demo_tear_thin_sheet.png, id=312, 654.19406pt x 1056.94875pt>
File: ../figs/revision/demo_tear_thin_sheet.png Graphic file (type png)
<use ../figs/revision/demo_tear_thin_sheet.png>
Package pdftex.def Info: ../figs/revision/demo_tear_thin_sheet.png used on inpu
t line 420.
(pdftex.def)             Requested size: 216.0pt x 348.97157pt.

<../figs/demo_tear_armadillo_close_view.png, id=313, 770.88pt x 1035.87pt>
File: ../figs/demo_tear_armadillo_close_view.png Graphic file (type png)

<use ../figs/demo_tear_armadillo_close_view.png>
Package pdftex.def Info: ../figs/demo_tear_armadillo_close_view.png used on inp
ut line 428.
(pdftex.def)             Requested size: 216.0pt x 290.2471pt.

(D:\fei\code\PGPaper\revision_2\cgf-sub.bbl
(D:\fei\code\PGPaper\revision_2\cgf-sub.brf)
\tf@brf=\write3
LaTeX Font Info:    Font shape `OT1/ptm/bx/n' in size <8> not available
(Font)              Font shape `OT1/ptm/b/n' tried instead on input line 9.
LaTeX Font Info:    Font shape `OT1/ptm/bx/n' in size <6> not available
(Font)              Font shape `OT1/ptm/b/n' tried instead on input line 9.

Underfull \hbox (badness 1303) in paragraph at lines 9--9
\T1/ptm/m/sc/8 Silling S., Weck-n-er O.\T1/ptm/m/n/8 :  Peri-dy-nam-ic-s for mu
l-ti-scale
 []

[9 <D:/fei/code/PGPaper/figs/demo_tear_armadillo.png>]
Underfull \hbox (badness 1496) in paragraph at lines 28--28
[]\T1/ptm/m/sc/8 Bao Z., Hong J.-M., Ter-an J., Fed-ki-w R.\T1/ptm/m/n/8 :
 []


Underfull \hbox (badness 1521) in paragraph at lines 33--33
\T1/ptm/m/sc/8 Turk G.\T1/ptm/m/n/8 :  A fi-nite el-e-men-t method for an-i-mat
-ing large
 []


Underfull \hbox (badness 1867) in paragraph at lines 63--63
\T1/ptm/m/it/8 of the 12th ACM SIG-GRAPH/Eurographics Sym-po-sium on
 []


Underfull \hbox (badness 3758) in paragraph at lines 88--88
[]\T1/ptm/m/sc/8 Levine J. A., Bargteil A. W., Cor-si C.,
 []


Underfull \hbox (badness 1968) in paragraph at lines 88--88
\T1/ptm/m/sc/8 Tessendor-f J., Geist R.\T1/ptm/m/n/8 :  A peri-dy-nam-ic per-sp
ec-tive
 []


Underfull \hbox (badness 4531) in paragraph at lines 88--88
\T1/ptm/m/n/8 on spring-mass frac-ture.  In \T1/ptm/m/it/8 Pro-ceed-ings of the
 ACM
 []


Underfull \hbox (badness 4859) in paragraph at lines 88--88
\T1/ptm/m/n/8 (Aire-la-Ville, Switzer-land, Switzer-land, 2014), S-CA '14,
 []


Underfull \hbox (badness 1354) in paragraph at lines 93--93
[]\T1/ptm/m/sc/8 Liu N., He X., Li S., Wang G.\T1/ptm/m/n/8 :  Mesh-less
 []


Underfull \hbox (badness 3758) in paragraph at lines 100--100
\T1/ptm/m/n/8 k-er-nel-s for mesh-less e-las-tic solid-s.  In \T1/ptm/m/it/8 Pr
o-ceed-ings of
 []

[10 <D:/fei/code/PGPaper/figs/revision/demo_brittle_fall.png> <D:/fei/code/PGPa
per/figs/demo_fall_bunny.png>]
Underfull \hbox (badness 1275) in paragraph at lines 124--124
\T1/ptm/m/n/8 time dy-nam-ic frac-ture with vol-u-met-ric ap-prox-i-mate con-ve
x
 []


Underfull \hbox (badness 1436) in paragraph at lines 151--151
[]\T1/ptm/m/sc/8 Müller M., Keis-er R., Nealen A., Pauly
 []


Underfull \hbox (badness 1622) in paragraph at lines 151--151
\T1/ptm/m/sc/8 M., Gross M., Alex-a M.\T1/ptm/m/n/8 :  Point based an-i-ma-tion
 of
 []


Underfull \hbox (badness 3049) in paragraph at lines 158--158
[]\T1/ptm/m/sc/8 Mazarak O., Mar-tin-s C., A-ma-natides J.\T1/ptm/m/n/8 :
 []


Underfull \hbox (badness 1270) in paragraph at lines 177--177
\T1/ptm/m/n/8 and frac-ture.  In \T1/ptm/m/it/8 Pro-ceed-ings of the 1999 Con-f
er-ence on
 []

[11 <D:/fei/code/PGPaper/figs/revision/demo_tear_thin_sheet.png> <D:/fei/code/P
GPaper/figs/demo_tear_armadillo_close_view.png>]
Underfull \hbox (badness 1389) in paragraph at lines 182--182
[]\T1/ptm/m/sc/8 Norton A., Turk G., Ba-con B., Gerth J.,
 []


Underfull \hbox (badness 1681) in paragraph at lines 194--194
\T1/ptm/m/n/8 and an-i-ma-tion of brit-tle frac-ture.  In \T1/ptm/m/it/8 Pro-ce
ed-ings of the
 []


Underfull \hbox (badness 1087) in paragraph at lines 199--199
[]\T1/ptm/m/sc/8 Pauly M., Keis-er R., Adams B., Dutré P.,
 []


Underfull \hbox (badness 1365) in paragraph at lines 205--205
\T1/ptm/m/it/8 An-i-ma-tion \T1/ptm/m/n/8 (New Y-ork, NY, US-A, 2009), S-CA '09
, ACM,
 []


Underfull \hbox (badness 1158) in paragraph at lines 252--252
[]\T1/ptm/m/sc/8 Silling S.\T1/ptm/m/n/8 :  Re-for-mu-la-tion of e-las-tic-i-ty
 the-o-ry for
 []


Underfull \hbox (badness 1342) in paragraph at lines 259--259
[]\T1/ptm/m/sc/8 Schvartzman S. C., O-taduy M. A.\T1/ptm/m/n/8 :  Frac-ture
 []


Underfull \hbox (badness 1442) in paragraph at lines 259--259
\T1/ptm/m/it/8 Pro-ceed-ings of the 18th Meet-ing of the ACM SIG-GRAPH
 []


Underfull \hbox (badness 3019) in paragraph at lines 264--264
[]\T1/ptm/m/sc/8 Steinemann D., O-taduy M. A., Gross M.\T1/ptm/m/n/8 :
 []


Underfull \hbox (badness 2538) in paragraph at lines 264--264
\T1/ptm/m/n/8 S-plit-ting mesh-less de-form-ing ob-ject-s with ex-plic-it sur-f
ace
 []


Underfull \hbox (badness 1838) in paragraph at lines 280--280
[]\T1/ptm/m/sc/8 Smith J., Witkin A., Baraf-f D.\T1/ptm/m/n/8 :  Fast and
 []


Underfull \hbox (badness 1874) in paragraph at lines 280--280
\T1/ptm/m/n/8 con-trol-lable sim-u-la-tion of the shat-ter-ing of brit-tle ob-j
ect-s.
 []


Underfull \hbox (badness 1199) in paragraph at lines 297--297
[]\T1/ptm/m/sc/8 Teran J., Sifakis E., Irv-ing G., Fed-ki-w R.\T1/ptm/m/n/8 :
 []


Underfull \hbox (badness 2573) in paragraph at lines 304--304
[]\T1/ptm/m/sc/8 Wang Y., Jiang C., Schroed-er C., Ter-an
 []


Underfull \hbox (badness 1028) in paragraph at lines 304--304
\T1/ptm/m/sc/8 J.\T1/ptm/m/n/8 :  An adap-tive vir-tu-al n-ode al-go-rith-m wit
h ro-bust mesh
 []


Underfull \hbox (badness 1152) in paragraph at lines 320--320
[]\T1/ptm/m/sc/8 Zhu F., Zhao J., Li S., Tang Y., Wang G.\T1/ptm/m/n/8 :
 []

)
Package atveryend Info: Empty hook `BeforeClearDocument' on input line 442.
 [12]
Package atveryend Info: Empty hook `AfterLastShipout' on input line 442.
 (D:\fei\code\PGPaper\revision_2\cgf-sub.aux)
Package atveryend Info: Executing hook `AtVeryEndDocument' on input line 442.
Package atveryend Info: Executing hook `AtEndAfterFileList' on input line 442.
Package rerunfilecheck Info: File `cgf-sub.brf' has not changed.
(rerunfilecheck)             Checksum: 47AF63EBE055F603E04FED841F40B337;4399.
 ) ) 
Here is how much of TeX's memory you used:
 8407 strings out of 495354
 128927 string characters out of 3183858
 238135 words of memory out of 3000000
 11267 multiletter control sequences out of 15000+200000
 67063 words of font info for 100 fonts, out of 3000000 for 9000
 14 hyphenation exceptions out of 8191
 42i,12n,38p,2752b,418s stack positions out of 5000i,500n,10000p,200000b,50000s
{C:/CTEX/MiKTeX/fonts/enc/dvips/fontname/8r.enc}<C:/CTEX/MiKTeX/fonts/type1
/public/amsfonts/cm/cmex10.pfb><C:/CTEX/MiKTeX/fonts/type1/public/amsfonts/cmex
tra/cmex9.pfb><C:/CTEX/MiKTeX/fonts/type1/public/amsfonts/cm/cmmi10.pfb><C:/CTE
X/MiKTeX/fonts/type1/public/amsfonts/cmextra/cmmib7.pfb><C:/CTEX/MiKTeX/fonts/t
ype1/public/amsfonts/cm/cmr10.pfb><C:/CTEX/MiKTeX/fonts/type1/public/amsfonts/c
m/cmsy5.pfb><C:/CTEX/MiKTeX/fonts/type1/public/amsfonts/cm/cmsy6.pfb><C:/CTEX/M
iKTeX/fonts/type1/public/amsfonts/cm/cmsy7.pfb><C:/CTEX/MiKTeX/fonts/type1/publ
ic/amsfonts/cm/cmsy9.pfb><C:/CTEX/MiKTeX/fonts/type1/urw/courier/ucrr8a.pfb><C:
/CTEX/MiKTeX/fonts/type1/urw/symbol/usyr.pfb><C:/CTEX/MiKTeX/fonts/type1/urw/ti
mes/utmb8a.pfb><C:/CTEX/MiKTeX/fonts/type1/urw/times/utmr8a.pfb><C:/CTEX/MiKTeX
/fonts/type1/urw/times/utmri8a.pfb>
Output written on cgf-sub.pdf (12 pages, 5293626 bytes).
PDF statistics:
 479 PDF objects out of 1000 (max. 8388607)
 117 named destinations out of 1000 (max. 500000)
 91 words of extra memory for PDF output out of 10000 (max. 10000000)

