This is pdfTeX, Version 3.1415926-2.3-1.40.12 (MiKTeX 2.9) (preloaded format=pdflatex 2015.12.14)  2 JUN 2016 14:44
entering extended mode
**C:/Users/fei/docs/PGPaper/pg2016-sub.tex
(C:/Users/fei/docs/PGPaper/pg2016-sub.tex
LaTeX2e <2011/06/27>
Babel <v3.8m> and hyphenation patterns for loaded.
(C:\Users\fei\docs\PGPaper\egpubl.cls
Document Class: egpubl 2015/12/03 Document Style for EG Publications v3.63
\c@table=\count79
\c@figure=\count80
\c@part=\count81
\c@section=\count82
\c@subsection=\count83
\c@subsubsection=\count84
\c@paragraph=\count85
\c@subparagraph=\count86
\titlespace=\skip41
\teaserspace=\skip42
\c@p@volume=\count87
\bibhang=\skip43
\every@verbatim=\toks14
\verbatim@line=\toks15
(C:\CTEX\MiKTeX\tex\generic\oberdiek\ifpdf.sty
Package: ifpdf 2011/01/30 v2.3 Provides the ifpdf switch (HO)
Package ifpdf Info: pdfTeX in PDF mode is detected.
)
(C:\Users\fei\docs\PGPaper\pg2016-sub.lbl))
(C:\Users\fei\docs\PGPaper\pg2016.sty)
(C:\CTEX\MiKTeX\tex\latex\graphics\graphicx.sty
Package: graphicx 1999/02/16 v1.0f Enhanced LaTeX Graphics (DPC,SPQR)

(C:\CTEX\MiKTeX\tex\latex\graphics\keyval.sty
Package: keyval 1999/03/16 v1.13 key=value parser (DPC)
\KV@toks@=\toks16
)
(C:\CTEX\MiKTeX\tex\latex\graphics\graphics.sty
Package: graphics 2009/02/05 v1.0o Standard LaTeX Graphics (DPC,SPQR)

(C:\CTEX\MiKTeX\tex\latex\graphics\trig.sty
Package: trig 1999/03/16 v1.09 sin cos tan (DPC)
)
(C:\CTEX\MiKTeX\tex\latex\00miktex\graphics.cfg
File: graphics.cfg 2007/01/18 v1.5 graphics configuration of teTeX/TeXLive
)
Package graphics Info: Driver file: pdftex.def on input line 91.

(C:\CTEX\MiKTeX\tex\latex\pdftex-def\pdftex.def
File: pdftex.def 2011/05/27 v0.06d Graphics/color for pdfTeX

(C:\CTEX\MiKTeX\tex\generic\oberdiek\infwarerr.sty
Package: infwarerr 2010/04/08 v1.3 Providing info/warning/message (HO)
)
(C:\CTEX\MiKTeX\tex\generic\oberdiek\ltxcmds.sty
Package: ltxcmds 2011/04/18 v1.20 LaTeX kernel commands for general use (HO)
)
\Gread@gobject=\count88
))
\Gin@req@height=\dimen102
\Gin@req@width=\dimen103
)
(C:\CTEX\MiKTeX\tex\latex\oberdiek\epstopdf.sty
Package: epstopdf 2010/02/09 v2.5 Conversion with epstopdf on the fly (HO)

(C:\CTEX\MiKTeX\tex\latex\oberdiek\epstopdf-base.sty
Package: epstopdf-base 2010/02/09 v2.5 Base part for package epstopdf

(C:\CTEX\MiKTeX\tex\latex\oberdiek\grfext.sty
Package: grfext 2010/08/19 v1.1 Managing graphics extensions (HO)

(C:\CTEX\MiKTeX\tex\generic\oberdiek\kvdefinekeys.sty
Package: kvdefinekeys 2011/04/07 v1.3 Defining keys (HO)
))
(C:\CTEX\MiKTeX\tex\latex\oberdiek\kvoptions.sty
Package: kvoptions 2010/12/23 v3.10 Keyval support for LaTeX options (HO)

(C:\CTEX\MiKTeX\tex\generic\oberdiek\kvsetkeys.sty
Package: kvsetkeys 2011/04/07 v1.13 Key value parser (HO)

(C:\CTEX\MiKTeX\tex\generic\oberdiek\etexcmds.sty
Package: etexcmds 2011/02/16 v1.5 Prefix for e-TeX command names (HO)

(C:\CTEX\MiKTeX\tex\generic\oberdiek\ifluatex.sty
Package: ifluatex 2010/03/01 v1.3 Provides the ifluatex switch (HO)
Package ifluatex Info: LuaTeX not detected.
)
Package etexcmds Info: Could not find \expanded.
(etexcmds)             That can mean that you are not using pdfTeX 1.50 or
(etexcmds)             that some package has redefined \expanded.
(etexcmds)             In the latter case, load this package earlier.
)))
(C:\CTEX\MiKTeX\tex\generic\oberdiek\pdftexcmds.sty
Package: pdftexcmds 2011/04/22 v0.16 Utilities of pdfTeX for LuaTeX (HO)
Package pdftexcmds Info: LuaTeX not detected.
Package pdftexcmds Info: \pdf@primitive is available.
Package pdftexcmds Info: \pdf@ifprimitive is available.
Package pdftexcmds Info: \pdfdraftmode found.
)
Package grfext Info: Graphics extension search list:
(grfext)             [.png,.pdf,.jpg,.mps,.jpeg,.jbig2,.jb2,.PNG,.PDF,.JPG,.JPE
G,.JBIG2,.JB2,.eps]
(grfext)             \AppendGraphicsExtensions on input line 452.
))
(C:\CTEX\MiKTeX\tex\latex\hyperref\hyperref.sty
Package: hyperref 2012/02/06 v6.82o Hypertext links for LaTeX

(C:\CTEX\MiKTeX\tex\generic\oberdiek\hobsub-hyperref.sty
Package: hobsub-hyperref 2011/04/23 v1.4 Bundle oberdiek, subset hyperref (HO)

(C:\CTEX\MiKTeX\tex\generic\oberdiek\hobsub-generic.sty
Package: hobsub-generic 2011/04/23 v1.4 Bundle oberdiek, subset generic (HO)
Package: hobsub 2011/04/23 v1.4 Subsetting bundle oberdiek (HO)
Package hobsub Info: Skipping package `infwarerr' (already loaded).
Package hobsub Info: Skipping package `ltxcmds' (already loaded).
Package hobsub Info: Skipping package `ifluatex' (already loaded).
Package: ifvtex 2010/03/01 v1.5 Switches for detecting VTeX and its modes (HO)
Package ifvtex Info: VTeX not detected.
Package: intcalc 2007/09/27 v1.1 Expandable integer calculations (HO)
Package hobsub Info: Skipping package `ifpdf' (already loaded).
Package hobsub Info: Skipping package `etexcmds' (already loaded).
Package hobsub Info: Skipping package `kvsetkeys' (already loaded).
Package hobsub Info: Skipping package `kvdefinekeys' (already loaded).
Package hobsub Info: Skipping package `pdftexcmds' (already loaded).
Package: pdfescape 2011/04/04 v1.12 Provides string conversions (HO)
Package: bigintcalc 2011/01/30 v1.2 Expandable big integer calculations (HO)
Package: bitset 2011/01/30 v1.1 Data type bit set (HO)
Package: uniquecounter 2011/01/30 v1.2 Provides unlimited unique counter (HO)
)
Package hobsub Info: Skipping package `hobsub' (already loaded).
Package: letltxmacro 2010/09/02 v1.4 Let assignment for LaTeX macros (HO)
Package: hopatch 2011/01/30 v1.0 Wrapper for package hooks (HO)
Package: xcolor-patch 2011/01/30 xcolor patch
Package: atveryend 2011/04/23 v1.7 Hooks at very end of document (HO)
Package: atbegshi 2011/01/30 v1.15 At begin shipout hook (HO)
Package: refcount 2010/12/01 v3.2 Data extraction from references (HO)
Package: hycolor 2011/01/30 v1.7 Color options of hyperref/bookmark (HO)
)
(C:\CTEX\MiKTeX\tex\generic\ifxetex\ifxetex.sty
Package: ifxetex 2010/09/12 v0.6 Provides ifxetex conditional
)
\@linkdim=\dimen104
\Hy@linkcounter=\count89
\Hy@pagecounter=\count90

(C:\CTEX\MiKTeX\tex\latex\hyperref\pd1enc.def
File: pd1enc.def 2012/02/06 v6.82o Hyperref: PDFDocEncoding definition (HO)
)
\Hy@SavedSpaceFactor=\count91

(C:\CTEX\MiKTeX\tex\latex\00miktex\hyperref.cfg
File: hyperref.cfg 2002/06/06 v1.2 hyperref configuration of TeXLive
)
Package hyperref Info: Option `colorlinks' set `true' on input line 3925.
Package hyperref Info: Option `bookmarks' set `false' on input line 3925.
Package hyperref Info: Hyper figures OFF on input line 4046.
Package hyperref Info: Link nesting OFF on input line 4051.
Package hyperref Info: Hyper index ON on input line 4054.
Package hyperref Info: Plain pages OFF on input line 4061.
Package hyperref Info: Backreferencing ON on input line 4064.
Package hyperref Info: Implicit mode ON; LaTeX internals redefined.
Package hyperref Info: Bookmarks OFF on input line 4290.

(C:\CTEX\MiKTeX\tex\latex\hyperref\backref.sty
Package: backref 2010/08/30 v1.36 Bibliographical back referencing

(C:\CTEX\MiKTeX\tex\latex\oberdiek\rerunfilecheck.sty
Package: rerunfilecheck 2011/04/15 v1.7 Rerun checks for auxiliary files (HO)
Package uniquecounter Info: New unique counter `rerunfilecheck' on input line 2
82.
))
\c@Hy@tempcnt=\count92

(C:\CTEX\MiKTeX\tex\latex\ltxmisc\url.sty
\Urlmuskip=\muskip10
Package: url 2006/04/12  ver 3.3  Verb mode for urls, etc.
)
LaTeX Info: Redefining \url on input line 4637.
\Fld@menulength=\count93
\Field@Width=\dimen105
\Fld@charsize=\dimen106
Package hyperref Info: Hyper figures OFF on input line 5757.
Package hyperref Info: Link nesting OFF on input line 5762.
Package hyperref Info: Hyper index ON on input line 5765.
Package hyperref Info: backreferencing ON on input line 5770.
Package hyperref Info: Link coloring ON on input line 5775.
Package hyperref Info: Link coloring with OCG OFF on input line 5782.
Package hyperref Info: PDF/A mode OFF on input line 5787.
LaTeX Info: Redefining \ref on input line 5827.
LaTeX Info: Redefining \pageref on input line 5831.
\Hy@abspage=\count94
\c@Item=\count95
\c@Hfootnote=\count96
)

Package hyperref Message: Driver: hpdftex.

(C:\CTEX\MiKTeX\tex\latex\hyperref\hpdftex.def
File: hpdftex.def 2012/02/06 v6.82o Hyperref driver for pdfTeX
\Fld@listcount=\count97
\c@bookmark@seq@number=\count98
\Hy@SectionHShift=\skip44
)
(C:\CTEX\MiKTeX\tex\latex\base\t1enc.sty
Package: t1enc 1994/06/01 Standard LaTeX package
)
(C:\Users\fei\docs\PGPaper\dfadobe.sty
Package: dfadobe 2000/03/05 v1.4 T1-encoded Times (except symbols), Courier, He
lvetica (at 90\%) + math package
LaTeX Font Info:    Redeclaring symbol font `operators' on input line 14.
LaTeX Font Info:    Overwriting symbol font `operators' in version `normal'
(Font)                  OT1/cmr/m/n --> OT1/ptmcm/m/n on input line 14.
LaTeX Font Info:    Overwriting symbol font `operators' in version `bold'
(Font)                  OT1/cmr/bx/n --> OT1/ptmcm/m/n on input line 14.
LaTeX Font Info:    Redeclaring symbol font `letters' on input line 15.
LaTeX Font Info:    Overwriting symbol font `letters' in version `normal'
(Font)                  OML/cmm/m/it --> OML/ptmcm/m/it on input line 15.
LaTeX Font Info:    Overwriting symbol font `letters' in version `bold'
(Font)                  OML/cmm/b/it --> OML/ptmcm/m/it on input line 15.
LaTeX Font Info:    Redeclaring symbol font `largesymbols' on input line 16.
LaTeX Font Info:    Overwriting symbol font `largesymbols' in version `normal'
(Font)                  OMX/cmex/m/n --> OMX/psycm/m/n on input line 16.
LaTeX Font Info:    Overwriting symbol font `largesymbols' in version `bold'
(Font)                  OMX/cmex/m/n --> OMX/psycm/m/n on input line 16.
\symbold=\mathgroup4
\symitalic=\mathgroup5
LaTeX Font Info:    Redeclaring math alphabet \mathbf on input line 19.
LaTeX Font Info:    Overwriting math alphabet `\mathbf' in version `normal'
(Font)                  OT1/cmr/bx/n --> OT1/ptm/bx/n on input line 19.
LaTeX Font Info:    Overwriting math alphabet `\mathbf' in version `bold'
(Font)                  OT1/cmr/bx/n --> OT1/ptm/bx/n on input line 19.
LaTeX Font Info:    Redeclaring math alphabet \mathit on input line 20.
LaTeX Font Info:    Overwriting math alphabet `\mathit' in version `normal'
(Font)                  OT1/cmr/m/it --> OT1/ptm/m/it on input line 20.
LaTeX Font Info:    Overwriting math alphabet `\mathit' in version `bold'
(Font)                  OT1/cmr/bx/it --> OT1/ptm/m/it on input line 20.
 (C:\Users\fei\docs\PGPaper\dfT1ptm.fd
File: dfT1ptm.fd 2000/03/05 DF - Fontinst v1.6 font definitions for T1/ptm.
)
(C:\Users\fei\docs\PGPaper\dfT1phv.fd
File: dfT1phv.fd 1997/12/02 Fontinst v1.6 font definitions for T1/phv scaled to
 90\%.
) (C:\Users\fei\docs\PGPaper\dfT1pcr.fd
File: dfT1pcr.fd 2000/03/05 DF - Fontinst v1.6 font definitions for T1/pcr.
))
(C:\Users\fei\docs\PGPaper\egweblnk.sty
Package: egweblnk 2004/10/29 v2.2 DF's support for http web links in class egpu
bl
)
(C:\CTEX\MiKTeX\tex\latex\cite\cite.sty
LaTeX Info: Redefining \cite on input line 302.
LaTeX Info: Redefining \nocite on input line 373.
Package: cite 2010/09/10  v 5.3
)
(C:\Users\fei\docs\PGPaper\pg2016-body-sub.tex
(C:\Users\fei\docs\PGPaper\pg2016-sub.aux)
LaTeX Font Info:    Checking defaults for OML/cmm/m/it on input line 36.
LaTeX Font Info:    ... okay on input line 36.
LaTeX Font Info:    Checking defaults for T1/cmr/m/n on input line 36.
LaTeX Font Info:    ... okay on input line 36.
LaTeX Font Info:    Checking defaults for OT1/cmr/m/n on input line 36.
LaTeX Font Info:    ... okay on input line 36.
LaTeX Font Info:    Checking defaults for OMS/cmsy/m/n on input line 36.
LaTeX Font Info:    ... okay on input line 36.
LaTeX Font Info:    Checking defaults for OMX/cmex/m/n on input line 36.
LaTeX Font Info:    ... okay on input line 36.
LaTeX Font Info:    Checking defaults for U/cmr/m/n on input line 36.
LaTeX Font Info:    ... okay on input line 36.
LaTeX Font Info:    Checking defaults for PD1/pdf/m/n on input line 36.
LaTeX Font Info:    ... okay on input line 36.

(C:\CTEX\MiKTeX\tex\context\base\supp-pdf.mkii
[Loading MPS to PDF converter (version 2006.09.02).]
\scratchcounter=\count99
\scratchdimen=\dimen107
\scratchbox=\box26
\nofMPsegments=\count100
\nofMParguments=\count101
\everyMPshowfont=\toks17
\MPscratchCnt=\count102
\MPscratchDim=\dimen108
\MPnumerator=\count103
\makeMPintoPDFobject=\count104
\everyMPtoPDFconversion=\toks18
)
\AtBeginShipoutBox=\box27


Package hyperref Warning: Height of page (\paperheight) is invalid (0.0pt),
(hyperref)                using 11in.

(C:\CTEX\MiKTeX\tex\latex\graphics\color.sty
Package: color 2005/11/14 v1.0j Standard LaTeX Color (DPC)

(C:\CTEX\MiKTeX\tex\latex\00miktex\color.cfg
File: color.cfg 2007/01/18 v1.5 color configuration of teTeX/TeXLive
)
Package color Info: Driver file: pdftex.def on input line 130.
)
Package hyperref Info: Link coloring ON on input line 36.

(C:\CTEX\MiKTeX\tex\latex\hyperref\nameref.sty
Package: nameref 2010/04/30 v2.40 Cross-referencing by name of section

(C:\CTEX\MiKTeX\tex\generic\oberdiek\gettitlestring.sty
Package: gettitlestring 2010/12/03 v1.4 Cleanup title references (HO)
)
\c@section@level=\count105
)
LaTeX Info: Redefining \ref on input line 36.
LaTeX Info: Redefining \pageref on input line 36.
LaTeX Info: Redefining \nameref on input line 36.
LaTeX Font Info:    Font shape `T1/ptm/bx/n' in size <17.28> not available
(Font)              Font shape `T1/ptm/b/n' tried instead on input line 46.
LaTeX Font Info:    Try loading font information for OT1+ptmcm on input line 46
.

(C:\CTEX\MiKTeX\tex\latex\psnfss\ot1ptmcm.fd
File: ot1ptmcm.fd 2000/01/03 Fontinst v1.801 font definitions for OT1/ptmcm.
)
LaTeX Font Info:    Try loading font information for OML+ptmcm on input line 46
.

(C:\CTEX\MiKTeX\tex\latex\psnfss\omlptmcm.fd
File: omlptmcm.fd 2000/01/03 Fontinst v1.801 font definitions for OML/ptmcm.
)
LaTeX Font Info:    Try loading font information for OMX+psycm on input line 46
.

(C:\CTEX\MiKTeX\tex\latex\psnfss\omxpsycm.fd
File: omxpsycm.fd 2000/01/03 Fontinst v1.801 font definitions for OMX/psycm.
)
LaTeX Font Info:    Try loading font information for OT1+ptm on input line 46.

(C:\CTEX\MiKTeX\tex\latex\psnfss\ot1ptm.fd
File: ot1ptm.fd 2001/06/04 font definitions for OT1/ptm.
)
Package epstopdf Info: Source file: <eg_new.eps>
(epstopdf)                    date: 2016-05-20 09:19:17
(epstopdf)                    size: 532932 bytes
(epstopdf)             Output file: <eg_new-eps-converted-to.pdf>
(epstopdf)                    date: 2016-06-02 14:42:21
(epstopdf)                    size: 12860 bytes
(epstopdf)             Command: <epstopdf --outfile=eg_new-eps-converted-to.pdf
 eg_new.eps>
(epstopdf)             \includegraphics on input line 46.
Package epstopdf Info: Output file is already uptodate.

<eg_new-eps-converted-to.pdf, id=3, 396.48125pt x 67.25125pt>
File: eg_new-eps-converted-to.pdf Graphic file (type pdf)

<use eg_new-eps-converted-to.pdf>
Package pdftex.def Info: eg_new-eps-converted-to.pdf used on input line 46.
(pdftex.def)             Requested size: 504.0pt x 85.4902pt.
LaTeX Font Info:    Font shape `T1/ptm/bx/n' in size <9> not available
(Font)              Font shape `T1/ptm/b/n' tried instead on input line 46.

Underfull \vbox (badness 10000) has occurred while \output is active []

 [1{C:/CTEX/UserData/pdftex/config/pdftex.map{Unicode.sfd}{UGBK.sfd}}


 <C:/Users/fei/docs/PGPaper/eg_new-eps-converted-to.pdf>]
LaTeX Font Info:    Font shape `OT1/ptm/bx/n' in size <9> not available
(Font)              Font shape `OT1/ptm/b/n' tried instead on input line 79.
LaTeX Font Info:    Font shape `OT1/ptm/bx/n' in size <7> not available
(Font)              Font shape `OT1/ptm/b/n' tried instead on input line 79.
LaTeX Font Info:    Font shape `OT1/ptm/bx/n' in size <5> not available
(Font)              Font shape `OT1/ptm/b/n' tried instead on input line 79.

Underfull \vbox (badness 10000) has occurred while \output is active []

 [2]
Package epstopdf Info: Source file: <./figs/peridynamics_circle.eps>
(epstopdf)                    date: 2016-06-02 14:37:30
(epstopdf)                    size: 439781 bytes
(epstopdf)             Output file: <./figs/peridynamics_circle-eps-converted-t
o.pdf>
(epstopdf)                    date: 2016-06-02 14:40:28
(epstopdf)                    size: 101914 bytes
(epstopdf)             Command: <epstopdf --outfile=./figs/peridynamics_circle-
eps-converted-to.pdf ./figs/peridynamics_circle.eps>
(epstopdf)             \includegraphics on input line 93.
Package epstopdf Info: Output file is already uptodate.

<./figs/peridynamics_circle-eps-converted-to.pdf, id=154, 480.79625pt x 430.608
75pt>
File: ./figs/peridynamics_circle-eps-converted-to.pdf Graphic file (type pdf)
 <use ./figs/peridynamics_circle-eps-converted-to.pdf>
Package pdftex.def Info: ./figs/peridynamics_circle-eps-converted-to.pdf used o
n input line 93.
(pdftex.def)             Requested size: 167.99927pt x 150.46562pt.

Underfull \vbox (badness 10000) has occurred while \output is active []

Package epstopdf Info: Source file: <./figs/demo_pull_armadillo.eps>
(epstopdf)                    date: 2016-06-02 14:37:29
(epstopdf)                    size: 344430 bytes
(epstopdf)             Output file: <./figs/demo_pull_armadillo-eps-converted-t
o.pdf>
(epstopdf)                    date: 2016-06-02 14:44:17
(epstopdf)                    size: 79803 bytes
(epstopdf)             Command: <epstopdf --outfile=./figs/demo_pull_armadillo-
eps-converted-to.pdf ./figs/demo_pull_armadillo.eps>
(epstopdf)             \includegraphics on input line 116.
Package epstopdf Info: Output file is already uptodate.

<./figs/demo_pull_armadillo-eps-converted-to.pdf, id=158, 1528.71124pt x 455.70
25pt>
File: ./figs/demo_pull_armadillo-eps-converted-to.pdf Graphic file (type pdf)
 <use ./figs/demo_pull_armadillo-eps-converted-to.pdf>
Package pdftex.def Info: ./figs/demo_pull_armadillo-eps-converted-to.pdf used o
n input line 116.
(pdftex.def)             Requested size: 240.0pt x 71.5371pt.
Package epstopdf Info: Source file: <./figs/demo_impact_upside.eps>
(epstopdf)                    date: 2016-06-02 14:37:29
(epstopdf)                    size: 369472 bytes
(epstopdf)             Output file: <./figs/demo_impact_upside-eps-converted-to
.pdf>
(epstopdf)                    date: 2016-06-02 14:44:18
(epstopdf)                    size: 86796 bytes
(epstopdf)             Command: <epstopdf --outfile=./figs/demo_impact_upside-e
ps-converted-to.pdf ./figs/demo_impact_upside.eps>
(epstopdf)             \includegraphics on input line 127.
Package epstopdf Info: Output file is already uptodate.

<./figs/demo_impact_upside-eps-converted-to.pdf, id=159, 871.255pt x 584.1825pt
>
File: ./figs/demo_impact_upside-eps-converted-to.pdf Graphic file (type pdf)
 <use ./figs/demo_impact_upside-eps-converted-to.pdf>
Package pdftex.def Info: ./figs/demo_impact_upside-eps-converted-to.pdf used on
 input line 127.
(pdftex.def)             Requested size: 240.0pt x 160.91364pt.


LaTeX Warning: `h' float specifier changed to `ht'.

Package epstopdf Info: Source file: <./sampleFig.eps>
(epstopdf)                    date: 2016-05-20 09:19:17
(epstopdf)                    size: 2118 bytes
(epstopdf)             Output file: <./sampleFig-eps-converted-to.pdf>
(epstopdf)                    date: 2016-06-02 14:44:18
(epstopdf)                    size: 2710 bytes
(epstopdf)             Command: <epstopdf --outfile=./sampleFig-eps-converted-t
o.pdf ./sampleFig.eps>
(epstopdf)             \includegraphics on input line 139.
Package epstopdf Info: Output file is already uptodate.
<./sampleFig-eps-converted-to.pdf, id=160, 87.32625pt x 59.22125pt>
File: ./sampleFig-eps-converted-to.pdf Graphic file (type pdf)

<use ./sampleFig-eps-converted-to.pdf>
Package pdftex.def Info: ./sampleFig-eps-converted-to.pdf used on input line 13
9.
(pdftex.def)             Requested size: 240.0pt x 162.78297pt.


LaTeX Warning: `h' float specifier changed to `ht'.

Package epstopdf Info: Source file: <./figs/demo_tear_armadillo.eps>
(epstopdf)                    date: 2016-06-02 14:37:29
(epstopdf)                    size: 422128 bytes
(epstopdf)             Output file: <./figs/demo_tear_armadillo-eps-converted-t
o.pdf>
(epstopdf)                    date: 2016-06-02 14:44:19
(epstopdf)                    size: 119302 bytes
(epstopdf)             Command: <epstopdf --outfile=./figs/demo_tear_armadillo-
eps-converted-to.pdf ./figs/demo_tear_armadillo.eps>
(epstopdf)             \includegraphics on input line 152.
Package epstopdf Info: Output file is already uptodate.

<./figs/demo_tear_armadillo-eps-converted-to.pdf, id=161, 1906.12125pt x 497.86
pt>
File: ./figs/demo_tear_armadillo-eps-converted-to.pdf Graphic file (type pdf)
 <use ./figs/demo_tear_armadillo-eps-converted-to.pdf>
Package pdftex.def Info: ./figs/demo_tear_armadillo-eps-converted-to.pdf used o
n input line 152.
(pdftex.def)             Requested size: 504.0pt x 131.63599pt.
Package epstopdf Info: Source file: <./figs/demo_tear_armadillo_close_view.eps>

(epstopdf)                    date: 2016-06-02 14:37:29
(epstopdf)                    size: 432517 bytes
(epstopdf)             Output file: <./figs/demo_tear_armadillo_close_view-eps-
converted-to.pdf>
(epstopdf)                    date: 2016-06-02 14:44:20
(epstopdf)                    size: 115925 bytes
(epstopdf)             Command: <epstopdf --outfile=./figs/demo_tear_armadillo_
close_view-eps-converted-to.pdf ./figs/demo_tear_armadillo_close_view.eps>
(epstopdf)             \includegraphics on input line 161.
Package epstopdf Info: Output file is already uptodate.

<./figs/demo_tear_armadillo_close_view-eps-converted-to.pdf, id=162, 770.88pt x
 1105.12875pt>
File: ./figs/demo_tear_armadillo_close_view-eps-converted-to.pdf Graphic file (
type pdf)

<use ./figs/demo_tear_armadillo_close_view-eps-converted-to.pdf>
Package pdftex.def Info: ./figs/demo_tear_armadillo_close_view-eps-converted-to
.pdf used on input line 161.
(pdftex.def)             Requested size: 240.0pt x 344.05345pt.
 [3 <C:/Users/fei/docs/PGPaper/figs/peridynamics_circle-eps-converted-to.pdf> <
C:/Users/fei/docs/PGPaper/figs/demo_pull_armadillo-eps-converted-to.pdf>]

LaTeX Warning: `h' float specifier changed to `ht'.

Package epstopdf Info: Source file: <./figs/demo_strip_vs_fem.eps>
(epstopdf)                    date: 2016-06-02 14:37:29
(epstopdf)                    size: 396540 bytes
(epstopdf)             Output file: <./figs/demo_strip_vs_fem-eps-converted-to.
pdf>
(epstopdf)                    date: 2016-06-02 14:44:21
(epstopdf)                    size: 101290 bytes
(epstopdf)             Command: <epstopdf --outfile=./figs/demo_strip_vs_fem-ep
s-converted-to.pdf ./figs/demo_strip_vs_fem.eps>
(epstopdf)             \includegraphics on input line 174.
Package epstopdf Info: Output file is already uptodate.

<./figs/demo_strip_vs_fem-eps-converted-to.pdf, id=188, 970.62625pt x 882.29625
pt>
File: ./figs/demo_strip_vs_fem-eps-converted-to.pdf Graphic file (type pdf)
 <use ./figs/demo_strip_vs_fem-eps-converted-to.pdf>
Package pdftex.def Info: ./figs/demo_strip_vs_fem-eps-converted-to.pdf used on 
input line 174.
(pdftex.def)             Requested size: 240.0pt x 218.15022pt.
Package epstopdf Info: Source file: <./figs/compare_different_poisson_ratio.eps
>
(epstopdf)                    date: 2016-06-02 14:37:29
(epstopdf)                    size: 264833 bytes
(epstopdf)             Output file: <./figs/compare_different_poisson_ratio-eps
-converted-to.pdf>
(epstopdf)                    date: 2016-06-02 14:44:21
(epstopdf)                    size: 120814 bytes
(epstopdf)             Command: <epstopdf --outfile=./figs/compare_different_po
isson_ratio-eps-converted-to.pdf ./figs/compare_different_poisson_ratio.eps>
(epstopdf)             \includegraphics on input line 182.
Package epstopdf Info: Output file is already uptodate.

<./figs/compare_different_poisson_ratio-eps-converted-to.pdf, id=189, 654.445pt
 x 469.755pt>
File: ./figs/compare_different_poisson_ratio-eps-converted-to.pdf Graphic file 
(type pdf)

<use ./figs/compare_different_poisson_ratio-eps-converted-to.pdf>
Package pdftex.def Info: ./figs/compare_different_poisson_ratio-eps-converted-t
o.pdf used on input line 182.
(pdftex.def)             Requested size: 240.0pt x 172.26553pt.
Package epstopdf Info: Source file: <./figs/demo_jello.eps>
(epstopdf)                    date: 2016-06-02 14:37:29
(epstopdf)                    size: 336287 bytes
(epstopdf)             Output file: <./figs/demo_jello-eps-converted-to.pdf>
(epstopdf)                    date: 2016-06-02 14:44:22
(epstopdf)                    size: 69470 bytes
(epstopdf)             Command: <epstopdf --outfile=./figs/demo_jello-eps-conve
rted-to.pdf ./figs/demo_jello.eps>
(epstopdf)             \includegraphics on input line 190.
Package epstopdf Info: Output file is already uptodate.

<./figs/demo_jello-eps-converted-to.pdf, id=190, 654.445pt x 865.2325pt>
File: ./figs/demo_jello-eps-converted-to.pdf Graphic file (type pdf)

<use ./figs/demo_jello-eps-converted-to.pdf>
Package pdftex.def Info: ./figs/demo_jello-eps-converted-to.pdf used on input l
ine 190.
(pdftex.def)             Requested size: 240.0pt x 317.29251pt.
Package epstopdf Info: Source file: <./figs/demo_fall_bunny.eps>
(epstopdf)                    date: 2016-06-02 14:37:29
(epstopdf)                    size: 433737 bytes
(epstopdf)             Output file: <./figs/demo_fall_bunny-eps-converted-to.pd
f>
(epstopdf)                    date: 2016-06-02 14:44:23
(epstopdf)                    size: 126144 bytes
(epstopdf)             Command: <epstopdf --outfile=./figs/demo_fall_bunny-eps-
converted-to.pdf ./figs/demo_fall_bunny.eps>
(epstopdf)             \includegraphics on input line 198.
Package epstopdf Info: Output file is already uptodate.

<./figs/demo_fall_bunny-eps-converted-to.pdf, id=191, 2197.20876pt x 580.1675pt
>
File: ./figs/demo_fall_bunny-eps-converted-to.pdf Graphic file (type pdf)
 <use ./figs/demo_fall_bunny-eps-converted-to.pdf>
Package pdftex.def Info: ./figs/demo_fall_bunny-eps-converted-to.pdf used on in
put line 198.
(pdftex.def)             Requested size: 504.0pt x 133.07275pt.


LaTeX Warning: `h' float specifier changed to `ht'.


LaTeX Warning: `h' float specifier changed to `ht'.


LaTeX Warning: `h' float specifier changed to `ht'.

(C:\Users\fei\docs\PGPaper\pg2016-sub.bbl
(C:\Users\fei\docs\PGPaper\pg2016-sub.brf)
\tf@brf=\write3

Underfull \vbox (badness 4024) has occurred while \output is active []

 [4 <C:/Users/fei/docs/PGPaper/figs/demo_tear_armadillo-eps-converted-to.pdf> <
C:/Users/fei/docs/PGPaper/figs/demo_impact_upside-eps-converted-to.pdf> <C:/Use
rs/fei/docs/PGPaper/sampleFig-eps-converted-to.pdf> <C:/Users/fei/docs/PGPaper/
figs/demo_tear_armadillo_close_view-eps-converted-to.pdf>]
LaTeX Font Info:    Font shape `OT1/ptm/bx/n' in size <8> not available
(Font)              Font shape `OT1/ptm/b/n' tried instead on input line 9.
LaTeX Font Info:    Font shape `OT1/ptm/bx/n' in size <6> not available
(Font)              Font shape `OT1/ptm/b/n' tried instead on input line 9.

Underfull \hbox (badness 1430) in paragraph at lines 45--45
[]\T1/ptm/m/sc/8 Forest C., Delingette H., Ay-ache N.\T1/ptm/m/n/8 :  Re-mov-in
g
 []


Underfull \hbox (badness 1342) in paragraph at lines 57--57
[]\T1/ptm/m/sc/8 Glondu L., Mar-chal M., Du-mon-t G.\T1/ptm/m/n/8 :  Real-time
 []


Underfull \hbox (badness 1655) in paragraph at lines 68--68
[]\T1/ptm/m/sc/8 Hahn D., Wo-j-tan C.\T1/ptm/m/n/8 :  High-resolution brit-tle 
frac-ture
 []

[5 <C:/Users/fei/docs/PGPaper/figs/demo_fall_bunny-eps-converted-to.pdf> <C:/Us
ers/fei/docs/PGPaper/figs/demo_strip_vs_fem-eps-converted-to.pdf> <C:/Users/fei
/docs/PGPaper/figs/compare_different_poisson_ratio-eps-converted-to.pdf>]
Underfull \hbox (badness 2635) in paragraph at lines 95--95
\T1/ptm/m/n/8 for mesh-less e-las-tic solid-s.  In \T1/ptm/m/it/8 Pro-ceed-ings
 of the 2011 12th
 []


Underfull \hbox (badness 3396) in paragraph at lines 146--146
[]\T1/ptm/m/sc/8 Müller M., Keis-er R., Nealen A., Pauly M.,
 []


Underfull \hbox (badness 4927) in paragraph at lines 146--146
\T1/ptm/m/sc/8 Gross M., Alex-a M.\T1/ptm/m/n/8 :  Point based an-i-ma-tion of 
e-las-tic,
 []


Underfull \hbox (badness 1817) in paragraph at lines 146--146
\T1/ptm/m/n/8 plas-tic and melt-ing ob-ject-s.  In \T1/ptm/m/it/8 Pro-ceed-ings
 of the 2004 ACM
 []


Underfull \hbox (badness 2409) in paragraph at lines 146--146
\T1/ptm/m/n/8 la-Ville, Switzer-land, Switzer-land, 2004), S-CA '04, Eu-ro-grap
h-ic-s
 []


Underfull \hbox (badness 2521) in paragraph at lines 206--206
\T1/ptm/m/it/8 crack-ing.  \T1/ptm/m/n/8 Tech. rep., San-di-a Na-tion-al Lab-o-
ra-to-ries (SNL-NM),
 []

[6 <C:/Users/fei/docs/PGPaper/figs/demo_jello-eps-converted-to.pdf>]
Underfull \hbox (badness 3724) in paragraph at lines 271--271
[]\T1/ptm/m/sc/8 Terzopoulos D., Fleis-ch-er K.\T1/ptm/m/n/8 :  Mod-el-ing in-e
las-tic
 []


Underfull \hbox (badness 1009) in paragraph at lines 282--282
\T1/ptm/m/it/8 the 2005 ACM SIG-GRAPH/Eurographics Sym-po-sium on Com-put-er
 []


Underfull \hbox (badness 2913) in paragraph at lines 289--289
\T1/ptm/m/n/8 adap-tive vir-tu-al n-ode al-go-rith-m with ro-bust mesh cut-ting
.  In
 []


Underfull \hbox (badness 1484) in paragraph at lines 289--289
\T1/ptm/m/it/8 Pro-ceed-ings of the ACM SIG-GRAPH/Eurographics Sym-po-sium on
 []

)
Package atveryend Info: Empty hook `BeforeClearDocument' on input line 218.
 [7

]
Package atveryend Info: Empty hook `AfterLastShipout' on input line 218.
 (C:\Users\fei\docs\PGPaper\pg2016-sub.aux)
Package atveryend Info: Executing hook `AtVeryEndDocument' on input line 218.
Package atveryend Info: Executing hook `AtEndAfterFileList' on input line 218.
Package rerunfilecheck Info: File `pg2016-sub.brf' has not changed.
(rerunfilecheck)             Checksum: D65834CD47700BF7B820D59FA8275EB0;3697.
 ) ) 
Here is how much of TeX's memory you used:
 5918 strings out of 495354
 91687 string characters out of 3183858
 193571 words of memory out of 3000000
 8895 multiletter control sequences out of 15000+200000
 51953 words of font info for 74 fonts, out of 3000000 for 9000
 14 hyphenation exceptions out of 8191
 42i,10n,24p,3016b,412s stack positions out of 5000i,500n,10000p,200000b,50000s
{C:/CTEX/MiKTeX/fonts/enc/dvips/fontname/8r.enc}<C:/CTEX/MiKTeX/fonts/type1
/public/amsfonts/cmextra/cmex9.pfb><C:/CTEX/MiKTeX/fonts/type1/public/amsfonts/
cm/cmmi10.pfb><C:/CTEX/MiKTeX/fonts/type1/public/amsfonts/cm/cmr10.pfb><C:/CTEX
/MiKTeX/fonts/type1/public/amsfonts/cm/cmsy6.pfb><C:/CTEX/MiKTeX/fonts/type1/pu
blic/amsfonts/cm/cmsy7.pfb><C:/CTEX/MiKTeX/fonts/type1/public/amsfonts/cm/cmsy9
.pfb><C:/CTEX/MiKTeX/fonts/type1/urw/symbol/usyr.pfb><C:/CTEX/MiKTeX/fonts/type
1/urw/times/utmb8a.pfb><C:/CTEX/MiKTeX/fonts/type1/urw/times/utmr8a.pfb><C:/CTE
X/MiKTeX/fonts/type1/urw/times/utmri8a.pfb>
Output written on pg2016-sub.pdf (7 pages, 1014628 bytes).
PDF statistics:
 361 PDF objects out of 1000 (max. 8388607)
 81 named destinations out of 1000 (max. 500000)
 56 words of extra memory for PDF output out of 10000 (max. 10000000)

