This is pdfTeX, Version 3.1415926-2.3-1.40.12 (MiKTeX 2.9) (preloaded format=pdflatex 2015.12.10)  9 NOV 2016 00:22
entering extended mode
**D:/fei/code/PGPaper/revision/cgf-body-sub.tex
(D:/fei/code/PGPaper/revision/cgf-body-sub.tex
LaTeX2e <2011/06/27>
Babel <v3.8m> and hyphenation patterns for loaded.

! LaTeX Error: Missing \begin{document}.

See the LaTeX manual or LaTeX Companion for explanation.
Type  H <return>  for immediate help.
 ...                                              
                                                  
l.6 \title[P
            eridynamics-Based Fracture Animation for Elastoplastic Solids]%
? 
! Emergency stop.
 ...                                              
                                                  
l.6 \title[P
            eridynamics-Based Fracture Animation for Elastoplastic Solids]%
You're in trouble here.  Try typing  <return>  to proceed.
If that doesn't work, type  X <return>  to quit.

 
Here is how much of TeX's memory you used:
 8 strings out of 495354
 332 string characters out of 3183858
 44842 words of memory out of 3000000
 3276 multiletter control sequences out of 15000+200000
 3640 words of font info for 14 fonts, out of 3000000 for 9000
 14 hyphenation exceptions out of 8191
 5i,0n,4p,127b,14s stack positions out of 5000i,500n,10000p,200000b,50000s
!  ==> Fatal error occurred, no output PDF file produced!
